# JRE version: OpenJDK Runtime Environment Temurin-17.0.13+11 (17.0.13+11) (build 17.0.13+11)
# Java VM: OpenJDK 64-Bit Server VM Temurin-17.0.13+11 (17.0.13+11, mixed mode, tiered, compressed oops, compressed class ptrs, parallel gc, windows-amd64)
GC Precious Log:
 CPUs: 16 total, 16 available
 Memory: 15791M
 Large Page Support: Disabled
 NUMA Support: Disabled
 Compressed Oops: Enabled (32-bit)
 Alignments: Space 512K, Generation 512K, Heap 2M
 Heap Min Capacity: 100M
 Heap Initial Capacity: 100M
 Heap Max Capacity: 1G
 Pre-touch: Disabled
 Parallel Workers: 13
Heap:
 PSYoungGen      total 4096K, used 1034K [0x00000000eab00000, 0x00000000eb000000, 0x0000000100000000)
  eden space 3072K, 16% used [0x00000000eab00000,0x00000000eab828f0,0x00000000eae00000)
  from space 1024K, 50% used [0x00000000eae00000,0x00000000eae80020,0x00000000eaf00000)
  to   space 1024K, 0% used [0x00000000eaf00000,0x00000000eaf00000,0x00000000eb000000)
 ParOldGen       total 180736K, used 148984K [0x00000000c0000000, 0x00000000cb080000, 0x00000000eab00000)
  object space 180736K, 82% used [0x00000000c0000000,0x00000000c917e158,0x00000000cb080000)
 Metaspace       used 86424K, committed 87744K, reserved 1179648K
  class space    used 8625K, committed 9216K, reserved 1048576K
GC Heap History (20 events):
Event: 4600.688 GC heap before
{Heap before GC invocations=711 (full 17):
 PSYoungGen      total 4096K, used 3540K [0x00000000eab00000, 0x00000000eb000000, 0x0000000100000000)
  eden space 3072K, 100% used [0x00000000eab00000,0x00000000eae00000,0x00000000eae00000)
  from space 1024K, 45% used [0x00000000eae00000,0x00000000eae75200,0x00000000eaf00000)
  to   space 1024K, 0% used [0x00000000eaf00000,0x00000000eaf00000,0x00000000eb000000)
 ParOldGen       total 180736K, used 145891K [0x00000000c0000000, 0x00000000cb080000, 0x00000000eab00000)
  object space 180736K, 80% used [0x00000000c0000000,0x00000000c8e78e98,0x00000000cb080000)
 Metaspace       used 86350K, committed 87680K, reserved 1179648K
  class space    used 8612K, committed 9216K, reserved 1048576K
}
Event: 4600.688 GC heap after
{Heap after GC invocations=711 (full 17):
 PSYoungGen      total 4096K, used 688K [0x00000000eab00000, 0x00000000eb100000, 0x0000000100000000)
  eden space 3072K, 0% used [0x00000000eab00000,0x00000000eab00000,0x00000000eae00000)
  from space 1024K, 67% used [0x00000000eaf00000,0x00000000eafac010,0x00000000eb000000)
  to   space 1024K, 0% used [0x00000000eae00000,0x00000000eae00000,0x00000000eaf00000)
 ParOldGen       total 180736K, used 146149K [0x00000000c0000000, 0x00000000cb080000, 0x00000000eab00000)
  object space 180736K, 80% used [0x00000000c0000000,0x00000000c8eb9498,0x00000000cb080000)
 Metaspace       used 86350K, committed 87680K, reserved 1179648K
  class space    used 8612K, committed 9216K, reserved 1048576K
}
Event: 4600.697 GC heap before
{Heap before GC invocations=712 (full 17):
 PSYoungGen      total 4096K, used 3760K [0x00000000eab00000, 0x00000000eb100000, 0x0000000100000000)
  eden space 3072K, 100% used [0x00000000eab00000,0x00000000eae00000,0x00000000eae00000)
  from space 1024K, 67% used [0x00000000eaf00000,0x00000000eafac010,0x00000000eb000000)
  to   space 1024K, 0% used [0x00000000eae00000,0x00000000eae00000,0x00000000eaf00000)
 ParOldGen       total 180736K, used 146149K [0x00000000c0000000, 0x00000000cb080000, 0x00000000eab00000)
  object space 180736K, 80% used [0x00000000c0000000,0x00000000c8eb9498,0x00000000cb080000)
 Metaspace       used 86352K, committed 87680K, reserved 1179648K
  class space    used 8612K, committed 9216K, reserved 1048576K
}
Event: 4600.698 GC heap after
{Heap after GC invocations=712 (full 17):
 PSYoungGen      total 4096K, used 560K [0x00000000eab00000, 0x00000000eb000000, 0x0000000100000000)
  eden space 3072K, 0% used [0x00000000eab00000,0x00000000eab00000,0x00000000eae00000)
  from space 1024K, 54% used [0x00000000eae00000,0x00000000eae8c010,0x00000000eaf00000)
  to   space 1024K, 0% used [0x00000000eaf00000,0x00000000eaf00000,0x00000000eb000000)
 ParOldGen       total 180736K, used 146637K [0x00000000c0000000, 0x00000000cb080000, 0x00000000eab00000)
  object space 180736K, 81% used [0x00000000c0000000,0x00000000c8f334b8,0x00000000cb080000)
 Metaspace       used 86352K, committed 87680K, reserved 1179648K
  class space    used 8612K, committed 9216K, reserved 1048576K
}
Event: 4600.709 GC heap before
{Heap before GC invocations=713 (full 17):
 PSYoungGen      total 4096K, used 3632K [0x00000000eab00000, 0x00000000eb000000, 0x0000000100000000)
  eden space 3072K, 100% used [0x00000000eab00000,0x00000000eae00000,0x00000000eae00000)
  from space 1024K, 54% used [0x00000000eae00000,0x00000000eae8c010,0x00000000eaf00000)
  to   space 1024K, 0% used [0x00000000eaf00000,0x00000000eaf00000,0x00000000eb000000)
 ParOldGen       total 180736K, used 146637K [0x00000000c0000000, 0x00000000cb080000, 0x00000000eab00000)
  object space 180736K, 81% used [0x00000000c0000000,0x00000000c8f334b8,0x00000000cb080000)
 Metaspace       used 86352K, committed 87680K, reserved 1179648K
  class space    used 8612K, committed 9216K, reserved 1048576K
}
Event: 4600.710 GC heap after
{Heap after GC invocations=713 (full 17):
 PSYoungGen      total 4096K, used 512K [0x00000000eab00000, 0x00000000eb000000, 0x0000000100000000)
  eden space 3072K, 0% used [0x00000000eab00000,0x00000000eab00000,0x00000000eae00000)
  from space 1024K, 50% used [0x00000000eaf00000,0x00000000eaf80000,0x00000000eb000000)
  to   space 1024K, 0% used [0x00000000eae00000,0x00000000eae00000,0x00000000eaf00000)
 ParOldGen       total 180736K, used 146985K [0x00000000c0000000, 0x00000000cb080000, 0x00000000eab00000)
  object space 180736K, 81% used [0x00000000c0000000,0x00000000c8f8a6d8,0x00000000cb080000)
 Metaspace       used 86352K, committed 87680K, reserved 1179648K
  class space    used 8612K, committed 9216K, reserved 1048576K
}
Event: 4601.577 GC heap before
{Heap before GC invocations=714 (full 17):
 PSYoungGen      total 4096K, used 3584K [0x00000000eab00000, 0x00000000eb000000, 0x0000000100000000)
  eden space 3072K, 100% used [0x00000000eab00000,0x00000000eae00000,0x00000000eae00000)
  from space 1024K, 50% used [0x00000000eaf00000,0x00000000eaf80000,0x00000000eb000000)
  to   space 1024K, 0% used [0x00000000eae00000,0x00000000eae00000,0x00000000eaf00000)
 ParOldGen       total 180736K, used 146985K [0x00000000c0000000, 0x00000000cb080000, 0x00000000eab00000)
  object space 180736K, 81% used [0x00000000c0000000,0x00000000c8f8a6d8,0x00000000cb080000)
 Metaspace       used 86412K, committed 87744K, reserved 1179648K
  class space    used 8625K, committed 9216K, reserved 1048576K
}
Event: 4601.578 GC heap after
{Heap after GC invocations=714 (full 17):
 PSYoungGen      total 4096K, used 416K [0x00000000eab00000, 0x00000000eaf80000, 0x0000000100000000)
  eden space 3072K, 0% used [0x00000000eab00000,0x00000000eab00000,0x00000000eae00000)
  from space 1024K, 40% used [0x00000000eae00000,0x00000000eae68020,0x00000000eaf00000)
  to   space 512K, 0% used [0x00000000eaf00000,0x00000000eaf00000,0x00000000eaf80000)
 ParOldGen       total 180736K, used 147393K [0x00000000c0000000, 0x00000000cb080000, 0x00000000eab00000)
  object space 180736K, 81% used [0x00000000c0000000,0x00000000c8ff06d8,0x00000000cb080000)
 Metaspace       used 86412K, committed 87744K, reserved 1179648K
  class space    used 8625K, committed 9216K, reserved 1048576K
}
Event: 4601.661 GC heap before
{Heap before GC invocations=715 (full 17):
 PSYoungGen      total 4096K, used 3488K [0x00000000eab00000, 0x00000000eaf80000, 0x0000000100000000)
  eden space 3072K, 100% used [0x00000000eab00000,0x00000000eae00000,0x00000000eae00000)
  from space 1024K, 40% used [0x00000000eae00000,0x00000000eae68020,0x00000000eaf00000)
  to   space 512K, 0% used [0x00000000eaf00000,0x00000000eaf00000,0x00000000eaf80000)
 ParOldGen       total 180736K, used 147393K [0x00000000c0000000, 0x00000000cb080000, 0x00000000eab00000)
  object space 180736K, 81% used [0x00000000c0000000,0x00000000c8ff06d8,0x00000000cb080000)
 Metaspace       used 86412K, committed 87744K, reserved 1179648K
  class space    used 8625K, committed 9216K, reserved 1048576K
}
Event: 4601.662 GC heap after
{Heap after GC invocations=715 (full 17):
 PSYoungGen      total 3584K, used 506K [0x00000000eab00000, 0x00000000eb000000, 0x0000000100000000)
  eden space 3072K, 0% used [0x00000000eab00000,0x00000000eab00000,0x00000000eae00000)
  from space 512K, 98% used [0x00000000eaf00000,0x00000000eaf7e920,0x00000000eaf80000)
  to   space 1024K, 0% used [0x00000000eae00000,0x00000000eae00000,0x00000000eaf00000)
 ParOldGen       total 180736K, used 147633K [0x00000000c0000000, 0x00000000cb080000, 0x00000000eab00000)
  object space 180736K, 81% used [0x00000000c0000000,0x00000000c902c6f8,0x00000000cb080000)
 Metaspace       used 86412K, committed 87744K, reserved 1179648K
  class space    used 8625K, committed 9216K, reserved 1048576K
}
Event: 4601.668 GC heap before
{Heap before GC invocations=716 (full 17):
 PSYoungGen      total 3584K, used 3578K [0x00000000eab00000, 0x00000000eb000000, 0x0000000100000000)
  eden space 3072K, 100% used [0x00000000eab00000,0x00000000eae00000,0x00000000eae00000)
  from space 512K, 98% used [0x00000000eaf00000,0x00000000eaf7e920,0x00000000eaf80000)
  to   space 1024K, 0% used [0x00000000eae00000,0x00000000eae00000,0x00000000eaf00000)
 ParOldGen       total 180736K, used 147633K [0x00000000c0000000, 0x00000000cb080000, 0x00000000eab00000)
  object space 180736K, 81% used [0x00000000c0000000,0x00000000c902c6f8,0x00000000cb080000)
 Metaspace       used 86413K, committed 87744K, reserved 1179648K
  class space    used 8625K, committed 9216K, reserved 1048576K
}
Event: 4601.669 GC heap after
{Heap after GC invocations=716 (full 17):
 PSYoungGen      total 4096K, used 576K [0x00000000eab00000, 0x00000000eb000000, 0x0000000100000000)
  eden space 3072K, 0% used [0x00000000eab00000,0x00000000eab00000,0x00000000eae00000)
  from space 1024K, 56% used [0x00000000eae00000,0x00000000eae90000,0x00000000eaf00000)
  to   space 1024K, 0% used [0x00000000eaf00000,0x00000000eaf00000,0x00000000eb000000)
 ParOldGen       total 180736K, used 147912K [0x00000000c0000000, 0x00000000cb080000, 0x00000000eab00000)
  object space 180736K, 81% used [0x00000000c0000000,0x00000000c9072118,0x00000000cb080000)
 Metaspace       used 86413K, committed 87744K, reserved 1179648K
  class space    used 8625K, committed 9216K, reserved 1048576K
}
Event: 4601.678 GC heap before
{Heap before GC invocations=717 (full 17):
 PSYoungGen      total 4096K, used 3648K [0x00000000eab00000, 0x00000000eb000000, 0x0000000100000000)
  eden space 3072K, 100% used [0x00000000eab00000,0x00000000eae00000,0x00000000eae00000)
  from space 1024K, 56% used [0x00000000eae00000,0x00000000eae90000,0x00000000eaf00000)
  to   space 1024K, 0% used [0x00000000eaf00000,0x00000000eaf00000,0x00000000eb000000)
 ParOldGen       total 180736K, used 147912K [0x00000000c0000000, 0x00000000cb080000, 0x00000000eab00000)
  object space 180736K, 81% used [0x00000000c0000000,0x00000000c9072118,0x00000000cb080000)
 Metaspace       used 86413K, committed 87744K, reserved 1179648K
  class space    used 8625K, committed 9216K, reserved 1048576K
}
Event: 4601.679 GC heap after
{Heap after GC invocations=717 (full 17):
 PSYoungGen      total 3584K, used 448K [0x00000000eab00000, 0x00000000eaf80000, 0x0000000100000000)
  eden space 3072K, 0% used [0x00000000eab00000,0x00000000eab00000,0x00000000eae00000)
  from space 512K, 87% used [0x00000000eaf00000,0x00000000eaf70000,0x00000000eaf80000)
  to   space 512K, 0% used [0x00000000eae80000,0x00000000eae80000,0x00000000eaf00000)
 ParOldGen       total 180736K, used 148280K [0x00000000c0000000, 0x00000000cb080000, 0x00000000eab00000)
  object space 180736K, 82% used [0x00000000c0000000,0x00000000c90ce118,0x00000000cb080000)
 Metaspace       used 86413K, committed 87744K, reserved 1179648K
  class space    used 8625K, committed 9216K, reserved 1048576K
}
Event: 4601.685 GC heap before
{Heap before GC invocations=718 (full 17):
 PSYoungGen      total 3584K, used 3520K [0x00000000eab00000, 0x00000000eaf80000, 0x0000000100000000)
  eden space 3072K, 100% used [0x00000000eab00000,0x00000000eae00000,0x00000000eae00000)
  from space 512K, 87% used [0x00000000eaf00000,0x00000000eaf70000,0x00000000eaf80000)
  to   space 512K, 0% used [0x00000000eae80000,0x00000000eae80000,0x00000000eaf00000)
 ParOldGen       total 180736K, used 148280K [0x00000000c0000000, 0x00000000cb080000, 0x00000000eab00000)
  object space 180736K, 82% used [0x00000000c0000000,0x00000000c90ce118,0x00000000cb080000)
 Metaspace       used 86413K, committed 87744K, reserved 1179648K
  class space    used 8625K, committed 9216K, reserved 1048576K
}
Event: 4601.686 GC heap after
{Heap after GC invocations=718 (full 17):
 PSYoungGen      total 3584K, used 288K [0x00000000eab00000, 0x00000000eaf80000, 0x0000000100000000)
  eden space 3072K, 0% used [0x00000000eab00000,0x00000000eab00000,0x00000000eae00000)
  from space 512K, 56% used [0x00000000eae80000,0x00000000eaec8000,0x00000000eaf00000)
  to   space 512K, 0% used [0x00000000eaf00000,0x00000000eaf00000,0x00000000eaf80000)
 ParOldGen       total 180736K, used 148512K [0x00000000c0000000, 0x00000000cb080000, 0x00000000eab00000)
  object space 180736K, 82% used [0x00000000c0000000,0x00000000c9108138,0x00000000cb080000)
 Metaspace       used 86413K, committed 87744K, reserved 1179648K
  class space    used 8625K, committed 9216K, reserved 1048576K
}
Event: 4601.700 GC heap before
{Heap before GC invocations=719 (full 17):
 PSYoungGen      total 3584K, used 3360K [0x00000000eab00000, 0x00000000eaf80000, 0x0000000100000000)
  eden space 3072K, 100% used [0x00000000eab00000,0x00000000eae00000,0x00000000eae00000)
  from space 512K, 56% used [0x00000000eae80000,0x00000000eaec8000,0x00000000eaf00000)
  to   space 512K, 0% used [0x00000000eaf00000,0x00000000eaf00000,0x00000000eaf80000)
 ParOldGen       total 180736K, used 148512K [0x00000000c0000000, 0x00000000cb080000, 0x00000000eab00000)
  object space 180736K, 82% used [0x00000000c0000000,0x00000000c9108138,0x00000000cb080000)
 Metaspace       used 86413K, committed 87744K, reserved 1179648K
  class space    used 8625K, committed 9216K, reserved 1048576K
}
Event: 4601.701 GC heap after
{Heap after GC invocations=719 (full 17):
 PSYoungGen      total 3584K, used 499K [0x00000000eab00000, 0x00000000eb000000, 0x0000000100000000)
  eden space 3072K, 0% used [0x00000000eab00000,0x00000000eab00000,0x00000000eae00000)
  from space 512K, 97% used [0x00000000eaf00000,0x00000000eaf7cd60,0x00000000eaf80000)
  to   space 1024K, 0% used [0x00000000eae00000,0x00000000eae00000,0x00000000eaf00000)
 ParOldGen       total 180736K, used 148712K [0x00000000c0000000, 0x00000000cb080000, 0x00000000eab00000)
  object space 180736K, 82% used [0x00000000c0000000,0x00000000c913a158,0x00000000cb080000)
 Metaspace       used 86413K, committed 87744K, reserved 1179648K
  class space    used 8625K, committed 9216K, reserved 1048576K
}
Event: 4601.855 GC heap before
{Heap before GC invocations=720 (full 17):
 PSYoungGen      total 3584K, used 3569K [0x00000000eab00000, 0x00000000eb000000, 0x0000000100000000)
  eden space 3072K, 99% used [0x00000000eab00000,0x00000000eadff848,0x00000000eae00000)
  from space 512K, 97% used [0x00000000eaf00000,0x00000000eaf7cd60,0x00000000eaf80000)
  to   space 1024K, 0% used [0x00000000eae00000,0x00000000eae00000,0x00000000eaf00000)
 ParOldGen       total 180736K, used 148712K [0x00000000c0000000, 0x00000000cb080000, 0x00000000eab00000)
  object space 180736K, 82% used [0x00000000c0000000,0x00000000c913a158,0x00000000cb080000)
 Metaspace       used 86424K, committed 87744K, reserved 1179648K
  class space    used 8625K, committed 9216K, reserved 1048576K
}
Event: 4601.856 GC heap after
{Heap after GC invocations=720 (full 17):
 PSYoungGen      total 4096K, used 512K [0x00000000eab00000, 0x00000000eb000000, 0x0000000100000000)
  eden space 3072K, 0% used [0x00000000eab00000,0x00000000eab00000,0x00000000eae00000)
  from space 1024K, 50% used [0x00000000eae00000,0x00000000eae80020,0x00000000eaf00000)
  to   space 1024K, 0% used [0x00000000eaf00000,0x00000000eaf00000,0x00000000eb000000)
 ParOldGen       total 180736K, used 148984K [0x00000000c0000000, 0x00000000cb080000, 0x00000000eab00000)
  object space 180736K, 82% used [0x00000000c0000000,0x00000000c917e158,0x00000000cb080000)
 Metaspace       used 86424K, committed 87744K, reserved 1179648K
  class space    used 8625K, committed 9216K, reserved 1048576K
}

